This file contains any messages produced by compilers while
running configure, to aid debugging if configure makes a mistake.

It was created by PSP Software Development Kit configure 2025-01-26-ULTROS-MAGIC-SDK-FORK, which was
generated by GNU Autoconf 2.71.  Invocation command line was

  $ ./configure

## --------- ##
## Platform. ##
## --------- ##

hostname = relm
uname -m = x86_64
uname -r = 6.4.6-RT-Testing
uname -s = Linux
uname -v = #3 SMP PREEMPT_RT Sun Dec 22 15:57:51 EST 2024

/usr/bin/uname -p = x86_64
/bin/uname -X     = unknown

/bin/arch              = x86_64
/usr/bin/arch -k       = unknown
/usr/convex/getsysinfo = unknown
/usr/bin/hostinfo      = unknown
/bin/machine           = unknown
/usr/bin/oslevel       = unknown
/bin/universe          = unknown

PATH: /usr/local/sbin/
PATH: /usr/local/bin/
PATH: /usr/sbin/
PATH: /usr/bin/
PATH: /sbin/
PATH: /bin/
PATH: /usr/games/
PATH: /usr/local/games/
PATH: /snap/bin/
PATH: /opt/pspdev/bin/
PATH: /opt/ps3dev/bin/
PATH: /opt/ps3dev/ppu/bin/
PATH: /opt/ps3dev/spu/bin/


## ----------- ##
## Core tests. ##
## ----------- ##

configure:2694: looking for aux files: compile missing install-sh
configure:2707:  trying ./
configure:2736:   ./compile found
configure:2736:   ./missing found
configure:2718:   ./install-sh found
configure:2862: checking for pspdev
configure:2873: result: /opt/pspdev
configure:2913: checking for a BSD-compatible install
configure:2986: result: /usr/bin/install -c
configure:2997: checking whether build environment is sane
configure:3052: result: yes
configure:3211: checking for a race-free mkdir -p
configure:3255: result: /usr/bin/mkdir -p
configure:3262: checking for gawk
configure:3297: result: no
configure:3262: checking for mawk
configure:3283: found /usr/bin/mawk
configure:3294: result: mawk
configure:3305: checking whether make sets $(MAKE)
configure:3328: result: yes
configure:3358: checking whether make supports nested variables
configure:3376: result: yes
configure:3524: checking whether make supports nested variables
configure:3542: result: yes
configure:3560: checking for psp-gcc
configure:3581: found /opt/pspdev/bin/psp-gcc
configure:3593: result: psp-gcc
configure:3606: checking for psp-g++
configure:3627: found /opt/pspdev/bin/psp-g++
configure:3639: result: psp-g++
configure:3652: checking for psp-as
configure:3673: found /opt/pspdev/bin/psp-as
configure:3685: result: psp-as
configure:3698: checking for psp-ld
configure:3719: found /opt/pspdev/bin/psp-ld
configure:3731: result: psp-ld
configure:3744: checking for psp-ar
configure:3765: found /opt/pspdev/bin/psp-ar
configure:3777: result: psp-ar
configure:3790: checking for psp-nm
configure:3811: found /opt/pspdev/bin/psp-nm
configure:3823: result: psp-nm
configure:3836: checking for psp-ranlib
configure:3857: found /opt/pspdev/bin/psp-ranlib
configure:3869: result: psp-ranlib
configure:3941: checking for gcc
configure:3962: found /usr/bin/gcc
configure:3973: result: gcc
configure:4326: checking for C compiler version
configure:4335: gcc --version >&5
gcc (Ubuntu 13.3.0-6ubuntu2~24.04) 13.3.0
Copyright (C) 2023 Free Software Foundation, Inc.
This is free software; see the source for copying conditions.  There is NO
warranty; not even for MERCHANTABILITY or FITNESS FOR A PARTICULAR PURPOSE.

configure:4346: $? = 0
configure:4335: gcc -v >&5
Using built-in specs.
COLLECT_GCC=gcc
COLLECT_LTO_WRAPPER=/usr/libexec/gcc/x86_64-linux-gnu/13/lto-wrapper
OFFLOAD_TARGET_NAMES=nvptx-none:amdgcn-amdhsa
OFFLOAD_TARGET_DEFAULT=1
Target: x86_64-linux-gnu
Configured with: ../src/configure -v --with-pkgversion='Ubuntu 13.3.0-6ubuntu2~24.04' --with-bugurl=file:///usr/share/doc/gcc-13/README.Bugs --enable-languages=c,ada,c++,go,d,fortran,objc,obj-c++,m2 --prefix=/usr --with-gcc-major-version-only --program-suffix=-13 --program-prefix=x86_64-linux-gnu- --enable-shared --enable-linker-build-id --libexecdir=/usr/libexec --without-included-gettext --enable-threads=posix --libdir=/usr/lib --enable-nls --enable-bootstrap --enable-clocale=gnu --enable-libstdcxx-debug --enable-libstdcxx-time=yes --with-default-libstdcxx-abi=new --enable-libstdcxx-backtrace --enable-gnu-unique-object --disable-vtable-verify --enable-plugin --enable-default-pie --with-system-zlib --enable-libphobos-checking=release --with-target-system-zlib=auto --enable-objc-gc=auto --enable-multiarch --disable-werror --enable-cet --with-arch-32=i686 --with-abi=m64 --with-multilib-list=m32,m64,mx32 --enable-multilib --with-tune=generic --enable-offload-targets=nvptx-none=/build/gcc-13-fG75Ri/gcc-13-13.3.0/debian/tmp-nvptx/usr,amdgcn-amdhsa=/build/gcc-13-fG75Ri/gcc-13-13.3.0/debian/tmp-gcn/usr --enable-offload-defaulted --without-cuda-driver --enable-checking=release --build=x86_64-linux-gnu --host=x86_64-linux-gnu --target=x86_64-linux-gnu --with-build-config=bootstrap-lto-lean --enable-link-serialization=2
Thread model: posix
Supported LTO compression algorithms: zlib zstd
gcc version 13.3.0 (Ubuntu 13.3.0-6ubuntu2~24.04) 
... rest of stderr output deleted ...
configure:4346: $? = 0
configure:4335: gcc -V >&5
gcc: error: unrecognized command-line option '-V'
gcc: fatal error: no input files
compilation terminated.
configure:4346: $? = 1
configure:4335: gcc -qversion >&5
gcc: error: unrecognized command-line option '-qversion'; did you mean '--version'?
gcc: fatal error: no input files
compilation terminated.
configure:4346: $? = 1
configure:4335: gcc -version >&5
gcc: error: unrecognized command-line option '-version'
gcc: fatal error: no input files
compilation terminated.
configure:4346: $? = 1
configure:4366: checking whether the C compiler works
configure:4388: gcc    conftest.c  >&5
configure:4392: $? = 0
configure:4442: result: yes
configure:4445: checking for C compiler default output file name
configure:4447: result: a.out
configure:4453: checking for suffix of executables
configure:4460: gcc -o conftest    conftest.c  >&5
configure:4464: $? = 0
configure:4487: result: 
configure:4509: checking whether we are cross compiling
configure:4517: gcc -o conftest    conftest.c  >&5
configure:4521: $? = 0
configure:4528: ./conftest
configure:4532: $? = 0
configure:4547: result: no
configure:4552: checking for suffix of object files
configure:4575: gcc -c   conftest.c >&5
configure:4579: $? = 0
configure:4601: result: o
configure:4605: checking whether the compiler supports GNU C
configure:4625: gcc -c   conftest.c >&5
configure:4625: $? = 0
configure:4635: result: yes
configure:4646: checking whether gcc accepts -g
configure:4667: gcc -c -g  conftest.c >&5
configure:4667: $? = 0
configure:4711: result: yes
configure:4731: checking for gcc option to enable C11 features
configure:4746: gcc  -c -g -O2  conftest.c >&5
configure:4746: $? = 0
configure:4764: result: none needed
configure:4880: checking whether gcc understands -c and -o together
configure:4903: gcc -c conftest.c -o conftest2.o
configure:4906: $? = 0
configure:4903: gcc -c conftest.c -o conftest2.o
configure:4906: $? = 0
configure:4918: result: yes
configure:4938: checking whether make supports the include directive
configure:4953: make -f confmf.GNU && cat confinc.out
this is the am__doit target
configure:4956: $? = 0
configure:4975: result: yes (GNU style)
configure:5001: checking dependency style of gcc
configure:5113: result: gcc3
configure:5199: checking for g++
configure:5220: found /usr/bin/g++
configure:5231: result: g++
configure:5258: checking for C++ compiler version
configure:5267: g++ --version >&5
g++ (Ubuntu 13.3.0-6ubuntu2~24.04) 13.3.0
Copyright (C) 2023 Free Software Foundation, Inc.
This is free software; see the source for copying conditions.  There is NO
warranty; not even for MERCHANTABILITY or FITNESS FOR A PARTICULAR PURPOSE.

configure:5278: $? = 0
configure:5267: g++ -v >&5
Using built-in specs.
COLLECT_GCC=g++
COLLECT_LTO_WRAPPER=/usr/libexec/gcc/x86_64-linux-gnu/13/lto-wrapper
OFFLOAD_TARGET_NAMES=nvptx-none:amdgcn-amdhsa
OFFLOAD_TARGET_DEFAULT=1
Target: x86_64-linux-gnu
Configured with: ../src/configure -v --with-pkgversion='Ubuntu 13.3.0-6ubuntu2~24.04' --with-bugurl=file:///usr/share/doc/gcc-13/README.Bugs --enable-languages=c,ada,c++,go,d,fortran,objc,obj-c++,m2 --prefix=/usr --with-gcc-major-version-only --program-suffix=-13 --program-prefix=x86_64-linux-gnu- --enable-shared --enable-linker-build-id --libexecdir=/usr/libexec --without-included-gettext --enable-threads=posix --libdir=/usr/lib --enable-nls --enable-bootstrap --enable-clocale=gnu --enable-libstdcxx-debug --enable-libstdcxx-time=yes --with-default-libstdcxx-abi=new --enable-libstdcxx-backtrace --enable-gnu-unique-object --disable-vtable-verify --enable-plugin --enable-default-pie --with-system-zlib --enable-libphobos-checking=release --with-target-system-zlib=auto --enable-objc-gc=auto --enable-multiarch --disable-werror --enable-cet --with-arch-32=i686 --with-abi=m64 --with-multilib-list=m32,m64,mx32 --enable-multilib --with-tune=generic --enable-offload-targets=nvptx-none=/build/gcc-13-fG75Ri/gcc-13-13.3.0/debian/tmp-nvptx/usr,amdgcn-amdhsa=/build/gcc-13-fG75Ri/gcc-13-13.3.0/debian/tmp-gcn/usr --enable-offload-defaulted --without-cuda-driver --enable-checking=release --build=x86_64-linux-gnu --host=x86_64-linux-gnu --target=x86_64-linux-gnu --with-build-config=bootstrap-lto-lean --enable-link-serialization=2
Thread model: posix
Supported LTO compression algorithms: zlib zstd
gcc version 13.3.0 (Ubuntu 13.3.0-6ubuntu2~24.04) 
... rest of stderr output deleted ...
configure:5278: $? = 0
configure:5267: g++ -V >&5
g++: error: unrecognized command-line option '-V'
g++: fatal error: no input files
compilation terminated.
configure:5278: $? = 1
configure:5267: g++ -qversion >&5
g++: error: unrecognized command-line option '-qversion'; did you mean '--version'?
g++: fatal error: no input files
compilation terminated.
configure:5278: $? = 1
configure:5282: checking whether the compiler supports GNU C++
configure:5302: g++ -c   conftest.cpp >&5
configure:5302: $? = 0
configure:5312: result: yes
configure:5323: checking whether g++ accepts -g
configure:5344: g++ -c -g  conftest.cpp >&5
configure:5344: $? = 0
configure:5388: result: yes
configure:5408: checking for g++ option to enable C++11 features
configure:5423: g++  -c -g -O2  conftest.cpp >&5
conftest.cpp: In function 'int main(int, char**)':
conftest.cpp:177:25: warning: empty parentheses were disambiguated as a function declaration [-Wvexing-parse]
  177 |   cxx11test::delegate d2();
      |                         ^~
conftest.cpp:177:25: note: remove parentheses to default-initialize a variable
  177 |   cxx11test::delegate d2();
      |                         ^~
      |                         --
conftest.cpp:177:25: note: or replace parentheses with braces to value-initialize a variable
configure:5423: $? = 0
configure:5441: result: none needed
configure:5507: checking dependency style of g++
configure:5619: result: gcc3
configure:5643: checking dependency style of gcc
configure:5753: result: gcc3
configure:5816: checking for ranlib
configure:5837: found /usr/bin/ranlib
configure:5848: result: ranlib
configure:5879: checking for stdio.h
configure:5879: gcc -c -g -O2  conftest.c >&5
configure:5879: $? = 0
configure:5879: result: yes
configure:5879: checking for stdlib.h
configure:5879: gcc -c -g -O2  conftest.c >&5
configure:5879: $? = 0
configure:5879: result: yes
configure:5879: checking for string.h
configure:5879: gcc -c -g -O2  conftest.c >&5
configure:5879: $? = 0
configure:5879: result: yes
configure:5879: checking for inttypes.h
configure:5879: gcc -c -g -O2  conftest.c >&5
configure:5879: $? = 0
configure:5879: result: yes
configure:5879: checking for stdint.h
configure:5879: gcc -c -g -O2  conftest.c >&5
configure:5879: $? = 0
configure:5879: result: yes
configure:5879: checking for strings.h
configure:5879: gcc -c -g -O2  conftest.c >&5
configure:5879: $? = 0
configure:5879: result: yes
configure:5879: checking for sys/stat.h
configure:5879: gcc -c -g -O2  conftest.c >&5
configure:5879: $? = 0
configure:5879: result: yes
configure:5879: checking for sys/types.h
configure:5879: gcc -c -g -O2  conftest.c >&5
configure:5879: $? = 0
configure:5879: result: yes
configure:5879: checking for unistd.h
configure:5879: gcc -c -g -O2  conftest.c >&5
configure:5879: $? = 0
configure:5879: result: yes
configure:5904: checking for grep that handles long lines and -e
configure:5968: result: /usr/bin/grep
configure:5976: checking for egrep
configure:6044: result: /usr/bin/grep -E
configure:6050: checking for fcntl.h
configure:6050: gcc -c -g -O2  conftest.c >&5
configure:6050: $? = 0
configure:6050: result: yes
configure:6056: checking for malloc.h
configure:6056: gcc -c -g -O2  conftest.c >&5
configure:6056: $? = 0
configure:6056: result: yes
configure:6062: checking for stdlib.h
configure:6062: result: yes
configure:6068: checking for string.h
configure:6068: result: yes
configure:6074: checking for unistd.h
configure:6074: result: yes
configure:6080: checking for zlib.h
configure:6080: gcc -c -g -O2  conftest.c >&5
configure:6080: $? = 0
configure:6080: result: yes
configure:6087: checking for compress in -lz
configure:6110: gcc -o conftest -g -O2   conftest.c -lz   >&5
configure:6110: $? = 0
configure:6120: result: yes
configure:6132: checking for an ANSI C-conforming const
configure:6199: gcc -c -g -O2  conftest.c >&5
configure:6199: $? = 0
configure:6207: result: yes
configure:6215: checking whether byte ordering is bigendian
configure:6231: gcc -c -g -O2  conftest.c >&5
conftest.c:29:16: error: unknown type name 'not'
   29 |                not a universal capable compiler
      |                ^~~
conftest.c:29:22: error: expected '=', ',', ';', 'asm' or '__attribute__' before 'universal'
   29 |                not a universal capable compiler
      |                      ^~~~~~~~~
conftest.c:29:22: error: unknown type name 'universal'
configure:6231: $? = 1
configure: failed program was:
| /* confdefs.h */
| #define PACKAGE_NAME "PSP Software Development Kit"
| #define PACKAGE_TARNAME "pspsdk"
| #define PACKAGE_VERSION "2025-01-26-ULTROS-MAGIC-SDK-FORK"
| #define PACKAGE_STRING "PSP Software Development Kit 2025-01-26-ULTROS-MAGIC-SDK-FORK"
| #define PACKAGE_BUGREPORT "https://github.com/pspdev/pspsdk/issues"
| #define PACKAGE_URL "https://pspdev.github.io/pspsdk"
| #define PACKAGE "pspsdk"
| #define VERSION "2025-01-26-ULTROS-MAGIC-SDK-FORK"
| #define HAVE_STDIO_H 1
| #define HAVE_STDLIB_H 1
| #define HAVE_STRING_H 1
| #define HAVE_INTTYPES_H 1
| #define HAVE_STDINT_H 1
| #define HAVE_STRINGS_H 1
| #define HAVE_SYS_STAT_H 1
| #define HAVE_SYS_TYPES_H 1
| #define HAVE_UNISTD_H 1
| #define STDC_HEADERS 1
| #define HAVE_FCNTL_H 1
| #define HAVE_MALLOC_H 1
| #define HAVE_STDLIB_H 1
| #define HAVE_STRING_H 1
| #define HAVE_UNISTD_H 1
| #define HAVE_ZLIB_H 1
| #define HAVE_LIBZ 1
| /* end confdefs.h.  */
| #ifndef __APPLE_CC__
| 	       not a universal capable compiler
| 	     #endif
| 	     typedef int dummy;
| 
configure:6277: gcc -c -g -O2  conftest.c >&5
configure:6277: $? = 0
configure:6296: gcc -c -g -O2  conftest.c >&5
conftest.c: In function 'main':
conftest.c:35:18: error: unknown type name 'not'; did you mean 'ino_t'?
   35 |                  not big endian
      |                  ^~~
      |                  ino_t
conftest.c:35:26: error: expected '=', ',', ';', 'asm' or '__attribute__' before 'endian'
   35 |                  not big endian
      |                          ^~~~~~
configure:6296: $? = 1
configure: failed program was:
| /* confdefs.h */
| #define PACKAGE_NAME "PSP Software Development Kit"
| #define PACKAGE_TARNAME "pspsdk"
| #define PACKAGE_VERSION "2025-01-26-ULTROS-MAGIC-SDK-FORK"
| #define PACKAGE_STRING "PSP Software Development Kit 2025-01-26-ULTROS-MAGIC-SDK-FORK"
| #define PACKAGE_BUGREPORT "https://github.com/pspdev/pspsdk/issues"
| #define PACKAGE_URL "https://pspdev.github.io/pspsdk"
| #define PACKAGE "pspsdk"
| #define VERSION "2025-01-26-ULTROS-MAGIC-SDK-FORK"
| #define HAVE_STDIO_H 1
| #define HAVE_STDLIB_H 1
| #define HAVE_STRING_H 1
| #define HAVE_INTTYPES_H 1
| #define HAVE_STDINT_H 1
| #define HAVE_STRINGS_H 1
| #define HAVE_SYS_STAT_H 1
| #define HAVE_SYS_TYPES_H 1
| #define HAVE_UNISTD_H 1
| #define STDC_HEADERS 1
| #define HAVE_FCNTL_H 1
| #define HAVE_MALLOC_H 1
| #define HAVE_STDLIB_H 1
| #define HAVE_STRING_H 1
| #define HAVE_UNISTD_H 1
| #define HAVE_ZLIB_H 1
| #define HAVE_LIBZ 1
| /* end confdefs.h.  */
| #include <sys/types.h>
| 		#include <sys/param.h>
| 
| int
| main (void)
| {
| #if BYTE_ORDER != BIG_ENDIAN
| 		 not big endian
| 		#endif
| 
|   ;
|   return 0;
| }
configure:6430: result: no
configure:6469: checking for working memcmp
configure:6514: gcc -o conftest -g -O2   conftest.c -lz  >&5
configure:6514: $? = 0
configure:6514: ./conftest
configure:6514: $? = 0
configure:6525: result: yes
configure:6534: checking for getcwd
configure:6534: gcc -o conftest -g -O2   conftest.c -lz  >&5
configure:6534: $? = 0
configure:6534: result: yes
configure:6540: checking for strchr
configure:6540: gcc -o conftest -g -O2   conftest.c -lz  >&5
conftest.c:45:6: warning: conflicting types for built-in function 'strchr'; expected 'char *(const char *, int)' [-Wbuiltin-declaration-mismatch]
   45 | char strchr ();
      |      ^~~~~~
conftest.c:37:1: note: 'strchr' is declared in header '<string.h>'
   36 | #include <limits.h>
   37 | #undef strchr
configure:6540: $? = 0
configure:6540: result: yes
configure:6663: checking for doxygen
configure:6701: result: no
configure:6721: WARNING: doxygen not found - will not generate any doxygen documentation
configure:6779: checking for perl
configure:6802: found /usr/bin/perl
configure:6814: result: /usr/bin/perl
configure:8792: checking that generated files are newer than configure
configure:8798: result: done
configure:8830: creating ./config.status

## ---------------------- ##
## Running config.status. ##
## ---------------------- ##

This file was extended by PSP Software Development Kit config.status 2025-01-26-ULTROS-MAGIC-SDK-FORK, which was
generated by GNU Autoconf 2.71.  Invocation command line was

  CONFIG_FILES    = 
  CONFIG_HEADERS  = 
  CONFIG_LINKS    = 
  CONFIG_COMMANDS = 
  $ ./config.status 

on relm

config.status:995: creating Makefile
config.status:995: creating src/Makefile
config.status:995: creating src/atrac3/Makefile
config.status:995: creating src/audio/Makefile
config.status:995: creating src/base/Makefile
config.status:995: creating src/base/linkfile.prx
config.status:995: creating src/ctrl/Makefile
config.status:995: creating src/debug/Makefile
config.status:995: creating src/display/Makefile
config.status:995: creating src/dmac/Makefile
config.status:995: creating src/fpu/Makefile
config.status:995: creating src/ge/Makefile
config.status:995: creating src/gu/Makefile
config.status:995: creating src/gum/Makefile
config.status:995: creating src/gim/Makefile
config.status:995: creating src/gmo/Makefile
config.status:995: creating src/hprm/Makefile
config.status:995: creating src/kernel/Makefile
config.status:995: creating src/libadler/Makefile
config.status:995: creating src/libbase64/Makefile
config.status:995: creating src/libccc/Makefile
config.status:995: creating src/libcglue/Makefile
config.status:995: creating src/libdeflt/Makefile
config.status:995: creating src/libfont/Makefile
config.status:995: creating src/libfpu/Makefile
config.status:995: creating src/libhttp/Makefile
config.status:995: creating src/libmd5/Makefile
config.status:995: creating src/libmpeg/Makefile
config.status:995: creating src/libmt19937/Makefile
config.status:995: creating src/libpsmf/Makefile
config.status:995: creating src/libpthreadglue/Makefile
config.status:995: creating src/libqpcode/Makefile
config.status:995: creating src/libsas/Makefile
config.status:995: creating src/libsha0/Makefile
config.status:995: creating src/libsha1/Makefile
config.status:995: creating src/libsha224/Makefile
config.status:995: creating src/libsha256/Makefile
config.status:995: creating src/libsha384/Makefile
config.status:995: creating src/libsha512/Makefile
config.status:995: creating src/libsndp/Makefile
config.status:995: creating src/libvfpu/Makefile
config.status:995: creating src/libwave/Makefile
config.status:995: creating src/libssl/Makefile
config.status:995: creating src/modinfo/Makefile
config.status:995: creating src/jpeg/Makefile
config.status:995: creating src/mp3/Makefile
config.status:995: creating src/nand/Makefile
config.status:995: creating src/net/Makefile
config.status:995: creating src/openpsid/Makefile
config.status:995: creating src/power/Makefile
config.status:995: creating src/prof/Makefile
config.status:995: creating src/registry/Makefile
config.status:995: creating src/rtc/Makefile
config.status:995: creating src/sircs/Makefile
config.status:995: creating src/sdk/Makefile
config.status:995: creating src/startup/Makefile
config.status:995: creating src/umd/Makefile
config.status:995: creating src/usb/Makefile
config.status:995: creating src/user/Makefile
config.status:995: creating src/utility/Makefile
config.status:995: creating src/vaudio/Makefile
config.status:995: creating src/vfpu/Makefile
config.status:995: creating src/video/Makefile
config.status:995: creating src/vsh/Makefile
config.status:995: creating src/wlan/Makefile
config.status:995: creating src/samples/Makefile
config.status:995: creating tools/Makefile
config.status:995: creating tools/PrxEncrypter/Makefile
config.status:995: creating config.h
config.status:1176: config.h is unchanged
config.status:1224: executing depfiles commands
config.status:1301: cd src/atrac3       && sed -e '/# am--include-marker/d' Makefile         | make -f - am--depfiles
make: Nothing to be done for 'am--depfiles'.
config.status:1306: $? = 0
config.status:1301: cd src/audio       && sed -e '/# am--include-marker/d' Makefile         | make -f - am--depfiles
make: Nothing to be done for 'am--depfiles'.
config.status:1306: $? = 0
config.status:1301: cd src/ctrl       && sed -e '/# am--include-marker/d' Makefile         | make -f - am--depfiles
make: Nothing to be done for 'am--depfiles'.
config.status:1306: $? = 0
config.status:1301: cd src/debug       && sed -e '/# am--include-marker/d' Makefile         | make -f - am--depfiles
make: Nothing to be done for 'am--depfiles'.
config.status:1306: $? = 0
config.status:1301: cd src/display       && sed -e '/# am--include-marker/d' Makefile         | make -f - am--depfiles
make: Nothing to be done for 'am--depfiles'.
config.status:1306: $? = 0
config.status:1301: cd src/dmac       && sed -e '/# am--include-marker/d' Makefile         | make -f - am--depfiles
make: Nothing to be done for 'am--depfiles'.
config.status:1306: $? = 0
config.status:1301: cd src/fpu       && sed -e '/# am--include-marker/d' Makefile         | make -f - am--depfiles
make: Nothing to be done for 'am--depfiles'.
config.status:1306: $? = 0
config.status:1301: cd src/ge       && sed -e '/# am--include-marker/d' Makefile         | make -f - am--depfiles
make: Nothing to be done for 'am--depfiles'.
config.status:1306: $? = 0
config.status:1301: cd src/gu       && sed -e '/# am--include-marker/d' Makefile         | make -f - am--depfiles
make: Nothing to be done for 'am--depfiles'.
config.status:1306: $? = 0
config.status:1301: cd src/gum       && sed -e '/# am--include-marker/d' Makefile         | make -f - am--depfiles
make: Nothing to be done for 'am--depfiles'.
config.status:1306: $? = 0
config.status:1301: cd src/gim       && sed -e '/# am--include-marker/d' Makefile         | make -f - am--depfiles
make: Nothing to be done for 'am--depfiles'.
config.status:1306: $? = 0
config.status:1301: cd src/gmo       && sed -e '/# am--include-marker/d' Makefile         | make -f - am--depfiles
make: Nothing to be done for 'am--depfiles'.
config.status:1306: $? = 0
config.status:1301: cd src/hprm       && sed -e '/# am--include-marker/d' Makefile         | make -f - am--depfiles
make: Nothing to be done for 'am--depfiles'.
config.status:1306: $? = 0
config.status:1301: cd src/kernel       && sed -e '/# am--include-marker/d' Makefile         | make -f - am--depfiles
make: Nothing to be done for 'am--depfiles'.
config.status:1306: $? = 0
config.status:1301: cd src/libadler       && sed -e '/# am--include-marker/d' Makefile         | make -f - am--depfiles
make: Nothing to be done for 'am--depfiles'.
config.status:1306: $? = 0
config.status:1301: cd src/libbase64       && sed -e '/# am--include-marker/d' Makefile         | make -f - am--depfiles
make: Nothing to be done for 'am--depfiles'.
config.status:1306: $? = 0
config.status:1301: cd src/libccc       && sed -e '/# am--include-marker/d' Makefile         | make -f - am--depfiles
make: Nothing to be done for 'am--depfiles'.
config.status:1306: $? = 0
config.status:1301: cd src/libcglue       && sed -e '/# am--include-marker/d' Makefile         | make -f - am--depfiles
make: Nothing to be done for 'am--depfiles'.
config.status:1306: $? = 0
config.status:1301: cd src/libdeflt       && sed -e '/# am--include-marker/d' Makefile         | make -f - am--depfiles
make: Nothing to be done for 'am--depfiles'.
config.status:1306: $? = 0
config.status:1301: cd src/libfont       && sed -e '/# am--include-marker/d' Makefile         | make -f - am--depfiles
make: Nothing to be done for 'am--depfiles'.
config.status:1306: $? = 0
config.status:1301: cd src/libfpu       && sed -e '/# am--include-marker/d' Makefile         | make -f - am--depfiles
make: Nothing to be done for 'am--depfiles'.
config.status:1306: $? = 0
config.status:1301: cd src/libhttp       && sed -e '/# am--include-marker/d' Makefile         | make -f - am--depfiles
make: Nothing to be done for 'am--depfiles'.
config.status:1306: $? = 0
config.status:1301: cd src/libmd5       && sed -e '/# am--include-marker/d' Makefile         | make -f - am--depfiles
make: Nothing to be done for 'am--depfiles'.
config.status:1306: $? = 0
config.status:1301: cd src/libmpeg       && sed -e '/# am--include-marker/d' Makefile         | make -f - am--depfiles
make: Nothing to be done for 'am--depfiles'.
config.status:1306: $? = 0
config.status:1301: cd src/libmt19937       && sed -e '/# am--include-marker/d' Makefile         | make -f - am--depfiles
make: Nothing to be done for 'am--depfiles'.
config.status:1306: $? = 0
config.status:1301: cd src/libpsmf       && sed -e '/# am--include-marker/d' Makefile         | make -f - am--depfiles
make: Nothing to be done for 'am--depfiles'.
config.status:1306: $? = 0
config.status:1301: cd src/libpthreadglue       && sed -e '/# am--include-marker/d' Makefile         | make -f - am--depfiles
make: Nothing to be done for 'am--depfiles'.
config.status:1306: $? = 0
config.status:1301: cd src/libqpcode       && sed -e '/# am--include-marker/d' Makefile         | make -f - am--depfiles
make: Nothing to be done for 'am--depfiles'.
config.status:1306: $? = 0
config.status:1301: cd src/libsas       && sed -e '/# am--include-marker/d' Makefile         | make -f - am--depfiles
make: Nothing to be done for 'am--depfiles'.
config.status:1306: $? = 0
config.status:1301: cd src/libsha0       && sed -e '/# am--include-marker/d' Makefile         | make -f - am--depfiles
make: Nothing to be done for 'am--depfiles'.
config.status:1306: $? = 0
config.status:1301: cd src/libsha1       && sed -e '/# am--include-marker/d' Makefile         | make -f - am--depfiles
make: Nothing to be done for 'am--depfiles'.
config.status:1306: $? = 0
config.status:1301: cd src/libsha224       && sed -e '/# am--include-marker/d' Makefile         | make -f - am--depfiles
make: Nothing to be done for 'am--depfiles'.
config.status:1306: $? = 0
config.status:1301: cd src/libsha256       && sed -e '/# am--include-marker/d' Makefile         | make -f - am--depfiles
make: Nothing to be done for 'am--depfiles'.
config.status:1306: $? = 0
config.status:1301: cd src/libsha384       && sed -e '/# am--include-marker/d' Makefile         | make -f - am--depfiles
make: Nothing to be done for 'am--depfiles'.
config.status:1306: $? = 0
config.status:1301: cd src/libsha512       && sed -e '/# am--include-marker/d' Makefile         | make -f - am--depfiles
make: Nothing to be done for 'am--depfiles'.
config.status:1306: $? = 0
config.status:1301: cd src/libsndp       && sed -e '/# am--include-marker/d' Makefile         | make -f - am--depfiles
make: Nothing to be done for 'am--depfiles'.
config.status:1306: $? = 0
config.status:1301: cd src/libvfpu       && sed -e '/# am--include-marker/d' Makefile         | make -f - am--depfiles
make: Nothing to be done for 'am--depfiles'.
config.status:1306: $? = 0
config.status:1301: cd src/libwave       && sed -e '/# am--include-marker/d' Makefile         | make -f - am--depfiles
make: Nothing to be done for 'am--depfiles'.
config.status:1306: $? = 0
config.status:1301: cd src/libssl       && sed -e '/# am--include-marker/d' Makefile         | make -f - am--depfiles
make: Nothing to be done for 'am--depfiles'.
config.status:1306: $? = 0
config.status:1301: cd src/modinfo       && sed -e '/# am--include-marker/d' Makefile         | make -f - am--depfiles
make: Nothing to be done for 'am--depfiles'.
config.status:1306: $? = 0
config.status:1301: cd src/jpeg       && sed -e '/# am--include-marker/d' Makefile         | make -f - am--depfiles
make: Nothing to be done for 'am--depfiles'.
config.status:1306: $? = 0
config.status:1301: cd src/mp3       && sed -e '/# am--include-marker/d' Makefile         | make -f - am--depfiles
make: Nothing to be done for 'am--depfiles'.
config.status:1306: $? = 0
config.status:1301: cd src/nand       && sed -e '/# am--include-marker/d' Makefile         | make -f - am--depfiles
make: Nothing to be done for 'am--depfiles'.
config.status:1306: $? = 0
config.status:1301: cd src/net       && sed -e '/# am--include-marker/d' Makefile         | make -f - am--depfiles
make: Nothing to be done for 'am--depfiles'.
config.status:1306: $? = 0
config.status:1301: cd src/openpsid       && sed -e '/# am--include-marker/d' Makefile         | make -f - am--depfiles
make: Nothing to be done for 'am--depfiles'.
config.status:1306: $? = 0
config.status:1301: cd src/power       && sed -e '/# am--include-marker/d' Makefile         | make -f - am--depfiles
make: Nothing to be done for 'am--depfiles'.
config.status:1306: $? = 0
config.status:1301: cd src/prof       && sed -e '/# am--include-marker/d' Makefile         | make -f - am--depfiles
make: Nothing to be done for 'am--depfiles'.
config.status:1306: $? = 0
config.status:1301: cd src/registry       && sed -e '/# am--include-marker/d' Makefile         | make -f - am--depfiles
make: Nothing to be done for 'am--depfiles'.
config.status:1306: $? = 0
config.status:1301: cd src/rtc       && sed -e '/# am--include-marker/d' Makefile         | make -f - am--depfiles
make: Nothing to be done for 'am--depfiles'.
config.status:1306: $? = 0
config.status:1301: cd src/sircs       && sed -e '/# am--include-marker/d' Makefile         | make -f - am--depfiles
make: Nothing to be done for 'am--depfiles'.
config.status:1306: $? = 0
config.status:1301: cd src/sdk       && sed -e '/# am--include-marker/d' Makefile         | make -f - am--depfiles
make: Nothing to be done for 'am--depfiles'.
config.status:1306: $? = 0
config.status:1301: cd src/startup       && sed -e '/# am--include-marker/d' Makefile         | make -f - am--depfiles
make: Nothing to be done for 'am--depfiles'.
config.status:1306: $? = 0
config.status:1301: cd src/umd       && sed -e '/# am--include-marker/d' Makefile         | make -f - am--depfiles
make: Nothing to be done for 'am--depfiles'.
config.status:1306: $? = 0
config.status:1301: cd src/usb       && sed -e '/# am--include-marker/d' Makefile         | make -f - am--depfiles
make: Nothing to be done for 'am--depfiles'.
config.status:1306: $? = 0
config.status:1301: cd src/user       && sed -e '/# am--include-marker/d' Makefile         | make -f - am--depfiles
make: Nothing to be done for 'am--depfiles'.
config.status:1306: $? = 0
config.status:1301: cd src/utility       && sed -e '/# am--include-marker/d' Makefile         | make -f - am--depfiles
make: Nothing to be done for 'am--depfiles'.
config.status:1306: $? = 0
config.status:1301: cd src/vaudio       && sed -e '/# am--include-marker/d' Makefile         | make -f - am--depfiles
make: Nothing to be done for 'am--depfiles'.
config.status:1306: $? = 0
config.status:1301: cd src/vfpu       && sed -e '/# am--include-marker/d' Makefile         | make -f - am--depfiles
make: Nothing to be done for 'am--depfiles'.
config.status:1306: $? = 0
config.status:1301: cd src/video       && sed -e '/# am--include-marker/d' Makefile         | make -f - am--depfiles
make: Nothing to be done for 'am--depfiles'.
config.status:1306: $? = 0
config.status:1301: cd src/vsh       && sed -e '/# am--include-marker/d' Makefile         | make -f - am--depfiles
make: Nothing to be done for 'am--depfiles'.
config.status:1306: $? = 0
config.status:1301: cd src/wlan       && sed -e '/# am--include-marker/d' Makefile         | make -f - am--depfiles
make: Nothing to be done for 'am--depfiles'.
config.status:1306: $? = 0
config.status:1301: cd tools       && sed -e '/# am--include-marker/d' Makefile         | make -f - am--depfiles
make: Nothing to be done for 'am--depfiles'.
config.status:1306: $? = 0
config.status:1301: cd tools/PrxEncrypter       && sed -e '/# am--include-marker/d' Makefile         | make -f - am--depfiles
make: Nothing to be done for 'am--depfiles'.
config.status:1306: $? = 0

## ---------------- ##
## Cache variables. ##
## ---------------- ##

ac_cv_c_bigendian=no
ac_cv_c_compiler_gnu=yes
ac_cv_c_const=yes
ac_cv_cxx_compiler_gnu=yes
ac_cv_env_CCASFLAGS_set=
ac_cv_env_CCASFLAGS_value=
ac_cv_env_CCAS_set=
ac_cv_env_CCAS_value=
ac_cv_env_CCC_set=
ac_cv_env_CCC_value=
ac_cv_env_CC_set=
ac_cv_env_CC_value=
ac_cv_env_CFLAGS_set=
ac_cv_env_CFLAGS_value=
ac_cv_env_CPPFLAGS_set=
ac_cv_env_CPPFLAGS_value=
ac_cv_env_CXXFLAGS_set=
ac_cv_env_CXXFLAGS_value=
ac_cv_env_CXX_set=
ac_cv_env_CXX_value=
ac_cv_env_DOXYGEN_PAPER_SIZE_set=
ac_cv_env_DOXYGEN_PAPER_SIZE_value=
ac_cv_env_LDFLAGS_set=
ac_cv_env_LDFLAGS_value=
ac_cv_env_LIBS_set=
ac_cv_env_LIBS_value=
ac_cv_env_build_alias_set=
ac_cv_env_build_alias_value=
ac_cv_env_host_alias_set=
ac_cv_env_host_alias_value=
ac_cv_env_target_alias_set=
ac_cv_env_target_alias_value=
ac_cv_func_getcwd=yes
ac_cv_func_memcmp_working=yes
ac_cv_func_strchr=yes
ac_cv_header_fcntl_h=yes
ac_cv_header_inttypes_h=yes
ac_cv_header_malloc_h=yes
ac_cv_header_stdint_h=yes
ac_cv_header_stdio_h=yes
ac_cv_header_stdlib_h=yes
ac_cv_header_string_h=yes
ac_cv_header_strings_h=yes
ac_cv_header_sys_stat_h=yes
ac_cv_header_sys_types_h=yes
ac_cv_header_unistd_h=yes
ac_cv_header_zlib_h=yes
ac_cv_lib_z_compress=yes
ac_cv_objext=o
ac_cv_path_EGREP='/usr/bin/grep -E'
ac_cv_path_GREP=/usr/bin/grep
ac_cv_path_ac_pt_DX_PERL=/usr/bin/perl
ac_cv_path_install='/usr/bin/install -c'
ac_cv_path_mkdir=/usr/bin/mkdir
ac_cv_prog_AWK=mawk
ac_cv_prog_PSP_AR=psp-ar
ac_cv_prog_PSP_AS=psp-as
ac_cv_prog_PSP_CC=psp-gcc
ac_cv_prog_PSP_CXX=psp-g++
ac_cv_prog_PSP_LD=psp-ld
ac_cv_prog_PSP_NM=psp-nm
ac_cv_prog_PSP_RANLIB=psp-ranlib
ac_cv_prog_ac_ct_CC=gcc
ac_cv_prog_ac_ct_CXX=g++
ac_cv_prog_ac_ct_RANLIB=ranlib
ac_cv_prog_cc_c11=
ac_cv_prog_cc_g=yes
ac_cv_prog_cc_stdc=
ac_cv_prog_cxx_cxx11=
ac_cv_prog_cxx_g=yes
ac_cv_prog_cxx_stdcxx=
ac_cv_prog_make_make_set=yes
am_cv_CCAS_dependencies_compiler_type=gcc3
am_cv_CC_dependencies_compiler_type=gcc3
am_cv_CXX_dependencies_compiler_type=gcc3
am_cv_make_support_nested_variables=yes
am_cv_prog_cc_c_o=yes

## ----------------- ##
## Output variables. ##
## ----------------- ##

ACLOCAL='${SHELL} '\''/home/ultros/Desktop/psp/pspsdk-mine/missing'\'' aclocal-1.16'
AMDEPBACKSLASH='\'
AMDEP_FALSE='#'
AMDEP_TRUE=''
AMTAR='$${TAR-tar}'
AM_BACKSLASH='\'
AM_DEFAULT_V='$(AM_DEFAULT_VERBOSITY)'
AM_DEFAULT_VERBOSITY='0'
AM_V='$(V)'
AUTOCONF='${SHELL} '\''/home/ultros/Desktop/psp/pspsdk-mine/missing'\'' autoconf'
AUTOHEADER='${SHELL} '\''/home/ultros/Desktop/psp/pspsdk-mine/missing'\'' autoheader'
AUTOMAKE='${SHELL} '\''/home/ultros/Desktop/psp/pspsdk-mine/missing'\'' automake-1.16'
AWK='mawk'
CC='gcc'
CCAS='gcc'
CCASDEPMODE='depmode=gcc3'
CCASFLAGS='-g -O2'
CCDEPMODE='depmode=gcc3'
CFLAGS='-g -O2  -Wall'
CPPFLAGS=''
CSCOPE='cscope'
CTAGS='ctags'
CXX='g++'
CXXDEPMODE='depmode=gcc3'
CXXFLAGS='-g -O2'
CYGPATH_W='echo'
DEFS='-DHAVE_CONFIG_H'
DEPDIR='.deps'
DOT_PATH=''
DOXYGEN_PAPER_SIZE=''
DX_CONFIG='Doxyfile'
DX_DOCDIR='doc'
DX_DOT=''
DX_DOXYGEN=''
DX_DVIPS=''
DX_EGREP=''
DX_ENV=' SRCDIR='\''.'\'' PROJECT='\''PSPSDK'\'' VERSION='\''2025-01-26-ULTROS-MAGIC-SDK-FORK'\'' HAVE_DOT='\''NO'\'' GENERATE_MAN='\''NO'\'' GENERATE_RTF='\''NO'\'' GENERATE_XML='\''NO'\'' GENERATE_HTMLHELP='\''NO'\'' GENERATE_CHI='\''NO'\'' GENERATE_HTML='\''NO'\'' GENERATE_LATEX='\''NO'\'''
DX_FLAG_chi='0'
DX_FLAG_chm='0'
DX_FLAG_doc='0'
DX_FLAG_dot='0'
DX_FLAG_html='0'
DX_FLAG_man='0'
DX_FLAG_pdf='0'
DX_FLAG_ps='0'
DX_FLAG_rtf='0'
DX_FLAG_xml='0'
DX_HHC=''
DX_LATEX=''
DX_MAKEINDEX=''
DX_PDFLATEX=''
DX_PERL='/usr/bin/perl'
DX_PROJECT='PSPSDK'
DX_RULES=''
ECHO_C=''
ECHO_N='-n'
ECHO_T=''
EGREP='/usr/bin/grep -E'
ETAGS='etags'
EXEEXT=''
GENERATE_CHI='NO'
GENERATE_HTML='NO'
GENERATE_HTMLHELP='NO'
GENERATE_LATEX='NO'
GENERATE_MAN='NO'
GENERATE_RTF='NO'
GENERATE_XML='NO'
GREP='/usr/bin/grep'
HAVE_DOT='NO'
HHC_PATH=''
INSTALL_DATA='${INSTALL} -m 644'
INSTALL_PROGRAM='${INSTALL}'
INSTALL_SCRIPT='${INSTALL}'
INSTALL_STRIP_PROGRAM='$(install_sh) -c -s'
LDFLAGS=''
LIBOBJS=''
LIBS='-lz '
LTLIBOBJS=''
MAKEINFO='${SHELL} '\''/home/ultros/Desktop/psp/pspsdk-mine/missing'\'' makeinfo'
MKDIR_P='/usr/bin/mkdir -p'
OBJEXT='o'
PACKAGE='pspsdk'
PACKAGE_BUGREPORT='https://github.com/pspdev/pspsdk/issues'
PACKAGE_NAME='PSP Software Development Kit'
PACKAGE_STRING='PSP Software Development Kit 2025-01-26-ULTROS-MAGIC-SDK-FORK'
PACKAGE_TARNAME='pspsdk'
PACKAGE_URL='https://pspdev.github.io/pspsdk'
PACKAGE_VERSION='2025-01-26-ULTROS-MAGIC-SDK-FORK'
PAPER_SIZE=''
PATH_SEPARATOR=':'
PERL_PATH=''
PROJECT='PSPSDK'
PSPDEV='/opt/pspdev'
PSPDEV_BINDIR='/opt/pspdev/bin'
PSPDEV_INCLUDEDIR='/opt/pspdev/psp/include'
PSPDEV_LIBDIR='/opt/pspdev/psp/lib'
PSPDEV_SHAREDIR='/opt/pspdev/psp/share'
PSPSDK='/opt/pspdev/psp/sdk'
PSPSDK_CFLAGS='-g -O2 -mno-gpopt -Wall -Werror -D_PSP_FW_VERSION=600'
PSPSDK_CXXFLAGS='-g -O2 -mno-gpopt -Wall -Werror -D_PSP_FW_VERSION=600 -fno-exceptions -fno-rtti'
PSPSDK_INCLUDEDIR='/opt/pspdev/psp/sdk/include'
PSPSDK_LIBDIR='/opt/pspdev/psp/sdk/lib'
PSP_AR='psp-ar'
PSP_AS='psp-as'
PSP_CC='psp-gcc'
PSP_CXX='psp-g++'
PSP_LD='psp-ld'
PSP_NM='psp-nm'
PSP_RANLIB='psp-ranlib'
RANLIB='ranlib'
SET_MAKE=''
SHELL='/bin/bash'
SRCDIR='.'
STRIP=''
VERSION='2025-01-26-ULTROS-MAGIC-SDK-FORK'
ac_ct_CC='gcc'
ac_ct_CXX='g++'
am__EXEEXT_FALSE=''
am__EXEEXT_TRUE='#'
am__fastdepCCAS_FALSE='#'
am__fastdepCCAS_TRUE=''
am__fastdepCC_FALSE='#'
am__fastdepCC_TRUE=''
am__fastdepCXX_FALSE='#'
am__fastdepCXX_TRUE=''
am__include='include'
am__isrc=''
am__leading_dot='.'
am__nodep='_no'
am__quote=''
am__tar='$${TAR-tar} chof - "$$tardir"'
am__untar='$${TAR-tar} xf -'
bindir='${exec_prefix}/bin'
build_alias=''
datadir='${datarootdir}'
datarootdir='${prefix}/share'
docdir='${datarootdir}/doc/${PACKAGE_TARNAME}'
dvidir='${docdir}'
exec_prefix='${prefix}'
host_alias=''
htmldir='${docdir}'
includedir='${prefix}/include'
infodir='${datarootdir}/info'
install_sh='${SHELL} /home/ultros/Desktop/psp/pspsdk-mine/install-sh'
libdir='${exec_prefix}/lib'
libexecdir='${exec_prefix}/libexec'
localedir='${datarootdir}/locale'
localstatedir='${prefix}/var'
mandir='${datarootdir}/man'
mkdir_p='$(MKDIR_P)'
oldincludedir='/usr/include'
pdfdir='${docdir}'
prefix='/opt/pspdev'
program_transform_name='s,x,x,'
psdir='${docdir}'
runstatedir='${localstatedir}/run'
sbindir='${exec_prefix}/sbin'
sharedstatedir='${prefix}/com'
sysconfdir='${prefix}/etc'
target_alias=''

## ----------- ##
## confdefs.h. ##
## ----------- ##

/* confdefs.h */
#define PACKAGE_NAME "PSP Software Development Kit"
#define PACKAGE_TARNAME "pspsdk"
#define PACKAGE_VERSION "2025-01-26-ULTROS-MAGIC-SDK-FORK"
#define PACKAGE_STRING "PSP Software Development Kit 2025-01-26-ULTROS-MAGIC-SDK-FORK"
#define PACKAGE_BUGREPORT "https://github.com/pspdev/pspsdk/issues"
#define PACKAGE_URL "https://pspdev.github.io/pspsdk"
#define PACKAGE "pspsdk"
#define VERSION "2025-01-26-ULTROS-MAGIC-SDK-FORK"
#define HAVE_STDIO_H 1
#define HAVE_STDLIB_H 1
#define HAVE_STRING_H 1
#define HAVE_INTTYPES_H 1
#define HAVE_STDINT_H 1
#define HAVE_STRINGS_H 1
#define HAVE_SYS_STAT_H 1
#define HAVE_SYS_TYPES_H 1
#define HAVE_UNISTD_H 1
#define STDC_HEADERS 1
#define HAVE_FCNTL_H 1
#define HAVE_MALLOC_H 1
#define HAVE_STDLIB_H 1
#define HAVE_STRING_H 1
#define HAVE_UNISTD_H 1
#define HAVE_ZLIB_H 1
#define HAVE_LIBZ 1
#define HAVE_GETCWD 1
#define HAVE_STRCHR 1
#define PSPSDK_TOPDIR "psp/sdk"

configure: exit 0
